This file contains any messages produced by compilers while
running configure, to aid debugging if configure makes a mistake.

It was created by configure, which was
generated by GNU Autoconf 2.68.  Invocation command line was

  $ /home/caleb/Development/stewieos/toolchain/newlib/libgloss/libnosys/configure --disable-option-checking --prefix=/home/caleb/Development/stewieos/toolchain/root --with-newlib --enable-multilib --with-cross-host=x86_64-unknown-linux-gnu --program-transform-name=s&^&i386-elf-stewieos-& --with-target-subdir=i386-elf-stewieos --build=x86_64-unknown-linux-gnu --host=i386-elf-stewieos --target=i386-elf-stewieos build_alias=x86_64-unknown-linux-gnu host_alias=i386-elf-stewieos target_alias=i386-elf-stewieos --cache-file=.././config.cache --srcdir=/home/caleb/Development/stewieos/toolchain/newlib/libgloss/libnosys

## --------- ##
## Platform. ##
## --------- ##

hostname = caleb-arch
uname -m = x86_64
uname -r = 4.6.2-1-ARCH
uname -s = Linux
uname -v = #1 SMP PREEMPT Wed Jun 8 08:40:59 CEST 2016

/usr/bin/uname -p = unknown
/bin/uname -X     = unknown

/bin/arch              = unknown
/usr/bin/arch -k       = unknown
/usr/convex/getsysinfo = unknown
/usr/bin/hostinfo      = unknown
/bin/machine           = unknown
/usr/bin/oslevel       = unknown
/bin/universe          = unknown

PATH: /home/caleb/Development/stewieos/tools
PATH: /opt/autoconf/2.64/bin
PATH: /home/caleb/Development/stewieos/toolchain/root/bin
PATH: /home/caleb/.gem/ruby/2.3.0/bin
PATH: /usr/local/sbin
PATH: /usr/local/bin
PATH: /usr/bin
PATH: /usr/lib/jvm/default/bin
PATH: /usr/bin/site_perl
PATH: /usr/bin/vendor_perl
PATH: /usr/bin/core_perl


## ----------- ##
## Core tests. ##
## ----------- ##

configure:1662: loading cache .././config.cache
configure:1793: checking build system type
configure:1807: result: x86_64-unknown-linux-gnu
configure:1827: checking host system type
configure:1840: result: i386-elf-stewieos
configure:1860: checking target system type
configure:1873: result: i386-elf-stewieos
configure:1925: checking for a BSD-compatible install
configure:1993: result: /usr/bin/install -c
configure:2146: checking for symbol prefix
configure:2156: i386-elf-stewieos-gcc -B/home/caleb/Development/stewieos/toolchain/build/newlib/i386-elf-stewieos/newlib/ -isystem /home/caleb/Development/stewieos/toolchain/build/newlib/i386-elf-stewieos/newlib/targ-include -isystem /home/caleb/Development/stewieos/toolchain/newlib/newlib/libc/include -B/home/caleb/Development/stewieos/toolchain/build/newlib/i386-elf-stewieos/libgloss/i386 -L/home/caleb/Development/stewieos/toolchain/build/newlib/i386-elf-stewieos/libgloss/libnosys -L/home/caleb/Development/stewieos/toolchain/newlib/libgloss/i386    -S conftest.c -o - | fgrep $foo > /dev/null
conftest.c:1:1: warning: return type defaults to 'int' [-Wimplicit-int]
 foo () { }
 ^~~
configure:2159: $? = 1
configure:2165: i386-elf-stewieos-gcc -B/home/caleb/Development/stewieos/toolchain/build/newlib/i386-elf-stewieos/newlib/ -isystem /home/caleb/Development/stewieos/toolchain/build/newlib/i386-elf-stewieos/newlib/targ-include -isystem /home/caleb/Development/stewieos/toolchain/newlib/newlib/libc/include -B/home/caleb/Development/stewieos/toolchain/build/newlib/i386-elf-stewieos/libgloss/i386 -L/home/caleb/Development/stewieos/toolchain/build/newlib/i386-elf-stewieos/libgloss/libnosys -L/home/caleb/Development/stewieos/toolchain/newlib/libgloss/i386    -S conftest.c -o - | fgrep _foo > /dev/null
conftest.c:1:1: warning: return type defaults to 'int' [-Wimplicit-int]
 foo () { }
 ^~~
configure:2168: $? = 1
configure:2176: result: none
configure:2209: checking for style of include used by make
configure:2237: result: GNU
configure:2264: checking for gcc
configure:2291: result: i386-elf-stewieos-gcc -B/home/caleb/Development/stewieos/toolchain/build/newlib/i386-elf-stewieos/newlib/ -isystem /home/caleb/Development/stewieos/toolchain/build/newlib/i386-elf-stewieos/newlib/targ-include -isystem /home/caleb/Development/stewieos/toolchain/newlib/newlib/libc/include -B/home/caleb/Development/stewieos/toolchain/build/newlib/i386-elf-stewieos/libgloss/i386 -L/home/caleb/Development/stewieos/toolchain/build/newlib/i386-elf-stewieos/libgloss/libnosys -L/home/caleb/Development/stewieos/toolchain/newlib/libgloss/i386   
configure:2302: checking dependency style of i386-elf-stewieos-gcc -B/home/caleb/Development/stewieos/toolchain/build/newlib/i386-elf-stewieos/newlib/ -isystem /home/caleb/Development/stewieos/toolchain/build/newlib/i386-elf-stewieos/newlib/targ-include -isystem /home/caleb/Development/stewieos/toolchain/newlib/newlib/libc/include -B/home/caleb/Development/stewieos/toolchain/build/newlib/i386-elf-stewieos/libgloss/i386 -L/home/caleb/Development/stewieos/toolchain/build/newlib/i386-elf-stewieos/libgloss/libnosys -L/home/caleb/Development/stewieos/toolchain/newlib/libgloss/i386   
configure:2392: result: gcc3
configure:2467: checking whether we are using GNU C
configure:2488: result: yes
configure:2498: checking whether i386-elf-stewieos-gcc -B/home/caleb/Development/stewieos/toolchain/build/newlib/i386-elf-stewieos/newlib/ -isystem /home/caleb/Development/stewieos/toolchain/build/newlib/i386-elf-stewieos/newlib/targ-include -isystem /home/caleb/Development/stewieos/toolchain/newlib/newlib/libc/include -B/home/caleb/Development/stewieos/toolchain/build/newlib/i386-elf-stewieos/libgloss/i386 -L/home/caleb/Development/stewieos/toolchain/build/newlib/i386-elf-stewieos/libgloss/libnosys -L/home/caleb/Development/stewieos/toolchain/newlib/libgloss/i386    accepts -g
configure:2559: result: no
configure:2597: checking for i386-elf-stewieos-ranlib
configure:2624: result: i386-elf-stewieos-ranlib
configure:2767: updating cache .././config.cache
configure:2824: creating ./config.status

## ---------------------- ##
## Running config.status. ##
## ---------------------- ##

This file was extended by config.status, which was
generated by GNU Autoconf 2.68.  Invocation command line was

  CONFIG_FILES    = 
  CONFIG_HEADERS  = 
  CONFIG_LINKS    = 
  CONFIG_COMMANDS = 
  $ ./config.status 

on caleb-arch

config.status:876: creating Makefile
config.status:876: creating config.h
config.status:1055: executing depfiles commands

## ---------------- ##
## Cache variables. ##
## ---------------- ##

ac_cv_build=x86_64-unknown-linux-gnu
ac_cv_c_compiler_gnu=yes
ac_cv_env_CCASFLAGS_set=
ac_cv_env_CCASFLAGS_value=
ac_cv_env_CCAS_set=
ac_cv_env_CCAS_value=
ac_cv_env_build_alias_set=set
ac_cv_env_build_alias_value=x86_64-unknown-linux-gnu
ac_cv_env_host_alias_set=set
ac_cv_env_host_alias_value=i386-elf-stewieos
ac_cv_env_target_alias_set=set
ac_cv_env_target_alias_value=i386-elf-stewieos
ac_cv_host=i386-elf-stewieos
ac_cv_prog_AR=i386-elf-stewieos-ar
ac_cv_prog_AWK=gawk
ac_cv_prog_CC='i386-elf-stewieos-gcc -B/home/caleb/Development/stewieos/toolchain/build/newlib/i386-elf-stewieos/newlib/ -isystem /home/caleb/Development/stewieos/toolchain/build/newlib/i386-elf-stewieos/newlib/targ-include -isystem /home/caleb/Development/stewieos/toolchain/newlib/newlib/libc/include -B/home/caleb/Development/stewieos/toolchain/build/newlib/i386-elf-stewieos/libgloss/i386 -L/home/caleb/Development/stewieos/toolchain/build/newlib/i386-elf-stewieos/libgloss/libnosys -L/home/caleb/Development/stewieos/toolchain/newlib/libgloss/i386   '
ac_cv_prog_RANLIB=i386-elf-stewieos-ranlib
ac_cv_prog_STRIP=i386-elf-stewieos-strip
ac_cv_prog_cc_g=no
ac_cv_prog_make_make_set=yes
ac_cv_target=i386-elf-stewieos
am_cv_CC_dependencies_compiler_type=gcc3
libc_cv_symbol_prefix=none

## ----------------- ##
## Output variables. ##
## ----------------- ##

AMDEPBACKSLASH='\'
AMDEP_FALSE='#'
AMDEP_TRUE=''
AR='i386-elf-stewieos-ar'
AS='i386-elf-stewieos-as'
CC='i386-elf-stewieos-gcc -B/home/caleb/Development/stewieos/toolchain/build/newlib/i386-elf-stewieos/newlib/ -isystem /home/caleb/Development/stewieos/toolchain/build/newlib/i386-elf-stewieos/newlib/targ-include -isystem /home/caleb/Development/stewieos/toolchain/newlib/newlib/libc/include -B/home/caleb/Development/stewieos/toolchain/build/newlib/i386-elf-stewieos/libgloss/i386 -L/home/caleb/Development/stewieos/toolchain/build/newlib/i386-elf-stewieos/libgloss/libnosys -L/home/caleb/Development/stewieos/toolchain/newlib/libgloss/i386   '
CCAS='i386-elf-stewieos-gcc -B/home/caleb/Development/stewieos/toolchain/build/newlib/i386-elf-stewieos/newlib/ -isystem /home/caleb/Development/stewieos/toolchain/build/newlib/i386-elf-stewieos/newlib/targ-include -isystem /home/caleb/Development/stewieos/toolchain/newlib/newlib/libc/include -B/home/caleb/Development/stewieos/toolchain/build/newlib/i386-elf-stewieos/libgloss/i386 -L/home/caleb/Development/stewieos/toolchain/build/newlib/i386-elf-stewieos/libgloss/libnosys -L/home/caleb/Development/stewieos/toolchain/newlib/libgloss/i386   '
CCASFLAGS=''
CCDEPMODE='depmode=gcc3'
DEFS='-DHAVE_CONFIG_H'
DEPDIR='.deps'
ECHO_C=''
ECHO_N='-n'
ECHO_T=''
INSTALL_DATA='/usr/bin/install -c -m 644'
INSTALL_PROGRAM='/usr/bin/install -c'
INSTALL_SCRIPT='/usr/bin/install -c'
LD='i386-elf-stewieos-ld'
LIBOBJS=''
LIBS=''
LTLIBOBJS=''
PACKAGE_BUGREPORT=''
PACKAGE_NAME=''
PACKAGE_STRING=''
PACKAGE_TARNAME=''
PACKAGE_URL=''
PACKAGE_VERSION=''
PATH_SEPARATOR=':'
RANLIB='i386-elf-stewieos-ranlib'
SHELL='/bin/sh'
am__fastdepCC_FALSE='#'
am__fastdepCC_TRUE=''
am__include='include'
am__leading_dot='.'
am__quote=''
bindir='${exec_prefix}/bin'
build='x86_64-unknown-linux-gnu'
build_alias='x86_64-unknown-linux-gnu'
build_cpu='x86_64'
build_os='linux-gnu'
build_vendor='unknown'
datadir='${datarootdir}'
datarootdir='${prefix}/share'
docdir='${datarootdir}/doc/${PACKAGE}'
dvidir='${docdir}'
exec_prefix='${prefix}'
host='i386-elf-stewieos'
host_alias='i386-elf-stewieos'
host_cpu='i386'
host_makefile_frag_path='/home/caleb/Development/stewieos/toolchain/newlib/libgloss/libnosys/../config/default.mh'
host_os='stewieos'
host_vendor='elf'
htmldir='${docdir}'
includedir='${prefix}/include'
infodir='${datarootdir}/info'
libdir='${exec_prefix}/lib'
libexecdir='${exec_prefix}/libexec'
localedir='${datarootdir}/locale'
localstatedir='${prefix}/var'
mandir='${datarootdir}/man'
oldincludedir='/usr/include'
pdfdir='${docdir}'
prefix='/home/caleb/Development/stewieos/toolchain/root'
program_transform_name='s&^&i386-elf-stewieos-&'
psdir='${docdir}'
sbindir='${exec_prefix}/sbin'
sharedstatedir='${prefix}/com'
sysconfdir='${prefix}/etc'
target='i386-elf-stewieos'
target_alias='i386-elf-stewieos'
target_cpu='i386'
target_os='stewieos'
target_vendor='elf'

## ------------------- ##
## File substitutions. ##
## ------------------- ##

host_makefile_frag='/home/caleb/Development/stewieos/toolchain/newlib/libgloss/libnosys/../config/default.mh'

## ----------- ##
## confdefs.h. ##
## ----------- ##

/* confdefs.h */
#define PACKAGE_NAME ""
#define PACKAGE_TARNAME ""
#define PACKAGE_VERSION ""
#define PACKAGE_STRING ""
#define PACKAGE_BUGREPORT ""
#define PACKAGE_URL ""
#define HAVE_GNU_LD 1
#define MISSING_SYSCALL_NAMES 1
#define __SYMBOL_PREFIX ""

configure: exit 0
