This file contains any messages produced by compilers while
running configure, to aid debugging if configure makes a mistake.

It was created by newlib configure 2.2.0, which was
generated by GNU Autoconf 2.64.  Invocation command line was

  $ /home/caleb/Development/stewieos/toolchain/newlib/newlib/libc/configure --disable-option-checking --prefix=/home/caleb/Development/stewieos/toolchain/root --with-newlib --enable-multilib --with-cross-host=x86_64-unknown-linux-gnu --program-transform-name=s&^&i386-elf-stewieos-& --with-target-subdir=i386-elf-stewieos --build=x86_64-unknown-linux-gnu --host=i386-elf-stewieos --target=i386-elf-stewieos build_alias=x86_64-unknown-linux-gnu host_alias=i386-elf-stewieos target_alias=i386-elf-stewieos CC=i386-elf-stewieos-gcc -B/home/caleb/Development/stewieos/toolchain/build/newlib/i386-elf-stewieos/newlib/ -isystem /home/caleb/Development/stewieos/toolchain/build/newlib/i386-elf-stewieos/newlib/targ-include -isystem /home/caleb/Development/stewieos/toolchain/newlib/newlib/libc/include -B/home/caleb/Development/stewieos/toolchain/build/newlib/i386-elf-stewieos/libgloss/i386 -L/home/caleb/Development/stewieos/toolchain/build/newlib/i386-elf-stewieos/libgloss/libnosys -L/home/caleb/Development/stewieos/toolchain/newlib/libgloss/i386    CFLAGS=-g -O2 LDFLAGS= CPPFLAGS= --cache-file=.././config.cache --srcdir=/home/caleb/Development/stewieos/toolchain/newlib/newlib/libc

## --------- ##
## Platform. ##
## --------- ##

hostname = caleb-arch
uname -m = x86_64
uname -r = 4.6.2-1-ARCH
uname -s = Linux
uname -v = #1 SMP PREEMPT Wed Jun 8 08:40:59 CEST 2016

/usr/bin/uname -p = unknown
/bin/uname -X     = unknown

/bin/arch              = unknown
/usr/bin/arch -k       = unknown
/usr/convex/getsysinfo = unknown
/usr/bin/hostinfo      = unknown
/bin/machine           = unknown
/usr/bin/oslevel       = unknown
/bin/universe          = unknown

PATH: /home/caleb/Development/stewieos/tools
PATH: /opt/autoconf/2.64/bin
PATH: /home/caleb/Development/stewieos/toolchain/root/bin
PATH: /home/caleb/.gem/ruby/2.3.0/bin
PATH: /usr/local/sbin
PATH: /usr/local/bin
PATH: /usr/bin
PATH: /usr/lib/jvm/default/bin
PATH: /usr/bin/site_perl
PATH: /usr/bin/vendor_perl
PATH: /usr/bin/core_perl


## ----------- ##
## Core tests. ##
## ----------- ##

configure:2086: loading cache .././config.cache
configure:2241: checking build system type
configure:2255: result: x86_64-unknown-linux-gnu
configure:2275: checking host system type
configure:2288: result: i386-elf-stewieos
configure:2324: checking for a BSD-compatible install
configure:2392: result: /usr/bin/install -c
configure:2403: checking whether build environment is sane
configure:2453: result: yes
configure:2502: checking for i386-elf-stewieos-strip
configure:2529: result: i386-elf-stewieos-strip
configure:2594: checking for a thread-safe mkdir -p
configure:2633: result: /usr/bin/mkdir -p
configure:2646: checking for gawk
configure:2673: result: gawk
configure:2684: checking whether make sets $(MAKE)
configure:2706: result: yes
configure:2736: checking for style of include used by make
configure:2764: result: GNU
configure:2974: checking for gcc
configure:3001: result: i386-elf-stewieos-gcc -B/home/caleb/Development/stewieos/toolchain/build/newlib/i386-elf-stewieos/newlib/ -isystem /home/caleb/Development/stewieos/toolchain/build/newlib/i386-elf-stewieos/newlib/targ-include -isystem /home/caleb/Development/stewieos/toolchain/newlib/newlib/libc/include -B/home/caleb/Development/stewieos/toolchain/build/newlib/i386-elf-stewieos/libgloss/i386 -L/home/caleb/Development/stewieos/toolchain/build/newlib/i386-elf-stewieos/libgloss/libnosys -L/home/caleb/Development/stewieos/toolchain/newlib/libgloss/i386   
configure:3012: checking dependency style of i386-elf-stewieos-gcc -B/home/caleb/Development/stewieos/toolchain/build/newlib/i386-elf-stewieos/newlib/ -isystem /home/caleb/Development/stewieos/toolchain/build/newlib/i386-elf-stewieos/newlib/targ-include -isystem /home/caleb/Development/stewieos/toolchain/newlib/newlib/libc/include -B/home/caleb/Development/stewieos/toolchain/build/newlib/i386-elf-stewieos/libgloss/i386 -L/home/caleb/Development/stewieos/toolchain/build/newlib/i386-elf-stewieos/libgloss/libnosys -L/home/caleb/Development/stewieos/toolchain/newlib/libgloss/i386   
configure:3123: result: gcc3
configure:3196: checking whether we are using GNU C
configure:3217: result: yes
configure:3226: checking whether i386-elf-stewieos-gcc -B/home/caleb/Development/stewieos/toolchain/build/newlib/i386-elf-stewieos/newlib/ -isystem /home/caleb/Development/stewieos/toolchain/build/newlib/i386-elf-stewieos/newlib/targ-include -isystem /home/caleb/Development/stewieos/toolchain/newlib/newlib/libc/include -B/home/caleb/Development/stewieos/toolchain/build/newlib/i386-elf-stewieos/libgloss/i386 -L/home/caleb/Development/stewieos/toolchain/build/newlib/i386-elf-stewieos/libgloss/libnosys -L/home/caleb/Development/stewieos/toolchain/newlib/libgloss/i386    accepts -g
configure:3287: result: no
configure:3320: checking for i386-elf-stewieos-as
configure:3347: result: i386-elf-stewieos-as
configure:3412: checking for i386-elf-stewieos-ar
configure:3439: result: i386-elf-stewieos-ar
configure:3504: checking for i386-elf-stewieos-ranlib
configure:3531: result: i386-elf-stewieos-ranlib
configure:3596: checking for i386-elf-stewieos-readelf
configure:3623: result: i386-elf-stewieos-readelf
configure:3692: checking whether to enable maintainer-specific portions of Makefiles
configure:3701: result: no
configure:3820: checking for a sed that does not truncate output
configure:3884: result: /usr/bin/sed
configure:3906: checking how to print strings
configure:3933: result: printf
configure:12005: checking Checking long double support
configure:12029: result: yes
configure:12295: creating ./config.status

## ---------------------- ##
## Running config.status. ##
## ---------------------- ##

This file was extended by newlib config.status 2.2.0, which was
generated by GNU Autoconf 2.64.  Invocation command line was

  CONFIG_FILES    = 
  CONFIG_HEADERS  = 
  CONFIG_LINKS    = 
  CONFIG_COMMANDS = 
  $ ./config.status 

on caleb-arch

config.status:1082: creating Makefile
config.status:1082: creating argz/Makefile
config.status:1082: creating ctype/Makefile
config.status:1082: creating errno/Makefile
config.status:1082: creating locale/Makefile
config.status:1082: creating misc/Makefile
config.status:1082: creating reent/Makefile
config.status:1082: creating search/Makefile
config.status:1082: creating stdio/Makefile
config.status:1082: creating stdio64/Makefile
config.status:1082: creating stdlib/Makefile
config.status:1082: creating string/Makefile
config.status:1082: creating time/Makefile
config.status:1082: creating posix/Makefile
config.status:1082: creating signal/Makefile
config.status:1082: creating syscalls/Makefile
config.status:1082: creating unix/Makefile
config.status:1082: creating iconv/Makefile
config.status:1082: creating iconv/ces/Makefile
config.status:1082: creating iconv/ccs/Makefile
config.status:1082: creating iconv/ccs/binary/Makefile
config.status:1082: creating iconv/lib/Makefile
config.status:1082: creating xdr/Makefile
config.status:1238: executing depfiles commands
configure:14414: === configuring in machine (/home/caleb/Development/stewieos/toolchain/build/newlib/i386-elf-stewieos/newlib/libc/machine)
configure:14477: running /bin/sh /home/caleb/Development/stewieos/toolchain/newlib/newlib/libc/machine/configure --disable-option-checking '--prefix=/home/caleb/Development/stewieos/toolchain/root'  '--with-newlib' '--enable-multilib' '--with-cross-host=x86_64-unknown-linux-gnu' '--program-transform-name=s&^&i386-elf-stewieos-&' '--with-target-subdir=i386-elf-stewieos' '--build=x86_64-unknown-linux-gnu' '--host=i386-elf-stewieos' '--target=i386-elf-stewieos' 'build_alias=x86_64-unknown-linux-gnu' 'host_alias=i386-elf-stewieos' 'target_alias=i386-elf-stewieos' 'CC=i386-elf-stewieos-gcc -B/home/caleb/Development/stewieos/toolchain/build/newlib/i386-elf-stewieos/newlib/ -isystem /home/caleb/Development/stewieos/toolchain/build/newlib/i386-elf-stewieos/newlib/targ-include -isystem /home/caleb/Development/stewieos/toolchain/newlib/newlib/libc/include -B/home/caleb/Development/stewieos/toolchain/build/newlib/i386-elf-stewieos/libgloss/i386 -L/home/caleb/Development/stewieos/toolchain/build/newlib/i386-elf-stewieos/libgloss/libnosys -L/home/caleb/Development/stewieos/toolchain/newlib/libgloss/i386   ' 'CFLAGS=-g -O2' 'LDFLAGS=' 'CPPFLAGS=' --cache-file=../.././config.cache --srcdir=/home/caleb/Development/stewieos/toolchain/newlib/newlib/libc/machine
configure:14414: === configuring in sys (/home/caleb/Development/stewieos/toolchain/build/newlib/i386-elf-stewieos/newlib/libc/sys)
configure:14477: running /bin/sh /home/caleb/Development/stewieos/toolchain/newlib/newlib/libc/sys/configure --disable-option-checking '--prefix=/home/caleb/Development/stewieos/toolchain/root'  '--with-newlib' '--enable-multilib' '--with-cross-host=x86_64-unknown-linux-gnu' '--program-transform-name=s&^&i386-elf-stewieos-&' '--with-target-subdir=i386-elf-stewieos' '--build=x86_64-unknown-linux-gnu' '--host=i386-elf-stewieos' '--target=i386-elf-stewieos' 'build_alias=x86_64-unknown-linux-gnu' 'host_alias=i386-elf-stewieos' 'target_alias=i386-elf-stewieos' 'CC=i386-elf-stewieos-gcc -B/home/caleb/Development/stewieos/toolchain/build/newlib/i386-elf-stewieos/newlib/ -isystem /home/caleb/Development/stewieos/toolchain/build/newlib/i386-elf-stewieos/newlib/targ-include -isystem /home/caleb/Development/stewieos/toolchain/newlib/newlib/libc/include -B/home/caleb/Development/stewieos/toolchain/build/newlib/i386-elf-stewieos/libgloss/i386 -L/home/caleb/Development/stewieos/toolchain/build/newlib/i386-elf-stewieos/libgloss/libnosys -L/home/caleb/Development/stewieos/toolchain/newlib/libgloss/i386   ' 'CFLAGS=-g -O2' 'LDFLAGS=' 'CPPFLAGS=' --cache-file=../.././config.cache --srcdir=/home/caleb/Development/stewieos/toolchain/newlib/newlib/libc/sys

## ---------------- ##
## Cache variables. ##
## ---------------- ##

ac_cv_build=x86_64-unknown-linux-gnu
ac_cv_c_compiler_gnu=yes
ac_cv_env_CCASFLAGS_set=
ac_cv_env_CCASFLAGS_value=
ac_cv_env_CCAS_set=
ac_cv_env_CCAS_value=
ac_cv_env_CC_set=set
ac_cv_env_CC_value='i386-elf-stewieos-gcc -B/home/caleb/Development/stewieos/toolchain/build/newlib/i386-elf-stewieos/newlib/ -isystem /home/caleb/Development/stewieos/toolchain/build/newlib/i386-elf-stewieos/newlib/targ-include -isystem /home/caleb/Development/stewieos/toolchain/newlib/newlib/libc/include -B/home/caleb/Development/stewieos/toolchain/build/newlib/i386-elf-stewieos/libgloss/i386 -L/home/caleb/Development/stewieos/toolchain/build/newlib/i386-elf-stewieos/libgloss/libnosys -L/home/caleb/Development/stewieos/toolchain/newlib/libgloss/i386   '
ac_cv_env_CFLAGS_set=set
ac_cv_env_CFLAGS_value='-g -O2'
ac_cv_env_CPPFLAGS_set=set
ac_cv_env_CPPFLAGS_value=
ac_cv_env_CPP_set=
ac_cv_env_CPP_value=
ac_cv_env_LDFLAGS_set=set
ac_cv_env_LDFLAGS_value=
ac_cv_env_LIBS_set=
ac_cv_env_LIBS_value=
ac_cv_env_build_alias_set=set
ac_cv_env_build_alias_value=x86_64-unknown-linux-gnu
ac_cv_env_host_alias_set=set
ac_cv_env_host_alias_value=i386-elf-stewieos
ac_cv_env_target_alias_set=set
ac_cv_env_target_alias_value=i386-elf-stewieos
ac_cv_host=i386-elf-stewieos
ac_cv_path_SED=/usr/bin/sed
ac_cv_path_mkdir=/usr/bin/mkdir
ac_cv_prog_AR=i386-elf-stewieos-ar
ac_cv_prog_AS=i386-elf-stewieos-as
ac_cv_prog_AWK=gawk
ac_cv_prog_CC='i386-elf-stewieos-gcc -B/home/caleb/Development/stewieos/toolchain/build/newlib/i386-elf-stewieos/newlib/ -isystem /home/caleb/Development/stewieos/toolchain/build/newlib/i386-elf-stewieos/newlib/targ-include -isystem /home/caleb/Development/stewieos/toolchain/newlib/newlib/libc/include -B/home/caleb/Development/stewieos/toolchain/build/newlib/i386-elf-stewieos/libgloss/i386 -L/home/caleb/Development/stewieos/toolchain/build/newlib/i386-elf-stewieos/libgloss/libnosys -L/home/caleb/Development/stewieos/toolchain/newlib/libgloss/i386   '
ac_cv_prog_RANLIB=i386-elf-stewieos-ranlib
ac_cv_prog_READELF=i386-elf-stewieos-readelf
ac_cv_prog_STRIP=i386-elf-stewieos-strip
ac_cv_prog_cc_g=no
ac_cv_prog_make_make_set=yes
acnewlib_cv_type_long_double=yes
am_cv_CC_dependencies_compiler_type=gcc3
libc_cv_cc_loop_to_function=yes
libc_cv_initfinit_array=yes
newlib_cv_ldbl_eq_dbl=no
newlib_cv_uintptr_eq_ulong=no
newlib_cv_uintptr_eq_ulonglong=no

## ----------------- ##
## Output variables. ##
## ----------------- ##

ACLOCAL='aclocal-1.11'
AMDEPBACKSLASH='\'
AMDEP_FALSE='#'
AMDEP_TRUE=''
AMTAR='$${TAR-tar}'
AR='i386-elf-stewieos-ar'
AS='i386-elf-stewieos-as'
AUTOCONF='${SHELL} /home/caleb/Development/stewieos/toolchain/newlib/missing --run autoconf'
AUTOHEADER='${SHELL} /home/caleb/Development/stewieos/toolchain/newlib/missing --run autoheader'
AUTOMAKE='automake-1.11'
AWK='gawk'
CC='i386-elf-stewieos-gcc -B/home/caleb/Development/stewieos/toolchain/build/newlib/i386-elf-stewieos/newlib/ -isystem /home/caleb/Development/stewieos/toolchain/build/newlib/i386-elf-stewieos/newlib/targ-include -isystem /home/caleb/Development/stewieos/toolchain/newlib/newlib/libc/include -B/home/caleb/Development/stewieos/toolchain/build/newlib/i386-elf-stewieos/libgloss/i386 -L/home/caleb/Development/stewieos/toolchain/build/newlib/i386-elf-stewieos/libgloss/libnosys -L/home/caleb/Development/stewieos/toolchain/newlib/libgloss/i386   '
CCAS='i386-elf-stewieos-gcc -B/home/caleb/Development/stewieos/toolchain/build/newlib/i386-elf-stewieos/newlib/ -isystem /home/caleb/Development/stewieos/toolchain/build/newlib/i386-elf-stewieos/newlib/targ-include -isystem /home/caleb/Development/stewieos/toolchain/newlib/newlib/libc/include -B/home/caleb/Development/stewieos/toolchain/build/newlib/i386-elf-stewieos/libgloss/i386 -L/home/caleb/Development/stewieos/toolchain/build/newlib/i386-elf-stewieos/libgloss/libnosys -L/home/caleb/Development/stewieos/toolchain/newlib/libgloss/i386   '
CCASFLAGS='-g -O2'
CCDEPMODE='depmode=gcc3'
CFLAGS='-g -O2'
CPP=''
CPPFLAGS=''
CRT0='crt0.o'
CYGPATH_W='echo'
DEFS='-DPACKAGE_NAME=\"newlib\" -DPACKAGE_TARNAME=\"newlib\" -DPACKAGE_VERSION=\"2.2.0\" -DPACKAGE_STRING=\"newlib\ 2.2.0\" -DPACKAGE_BUGREPORT=\"\" -DPACKAGE_URL=\"\"'
DEPDIR='.deps'
DLLTOOL='i386-elf-stewieos-dlltool'
DSYMUTIL=''
DUMPBIN=''
ECHO_C=''
ECHO_N='-n'
ECHO_T=''
EGREP=''
ELIX_LEVEL_0_FALSE='#'
ELIX_LEVEL_0_TRUE=''
ELIX_LEVEL_1_FALSE=''
ELIX_LEVEL_1_TRUE='#'
ELIX_LEVEL_2_FALSE=''
ELIX_LEVEL_2_TRUE='#'
ELIX_LEVEL_3_FALSE=''
ELIX_LEVEL_3_TRUE='#'
ELIX_LEVEL_4_FALSE=''
ELIX_LEVEL_4_TRUE='#'
ENABLE_NEWLIB_ICONV_FALSE=''
ENABLE_NEWLIB_ICONV_TRUE='#'
EXEEXT=''
FGREP=''
GREP=''
HAVE_LONG_DOUBLE_FALSE='#'
HAVE_LONG_DOUBLE_TRUE=''
HAVE_POSIX_DIR_FALSE=''
HAVE_POSIX_DIR_TRUE='#'
HAVE_SIGNAL_DIR_FALSE='#'
HAVE_SIGNAL_DIR_TRUE=''
HAVE_STDIO64_DIR_FALSE=''
HAVE_STDIO64_DIR_TRUE='#'
HAVE_STDIO_DIR_FALSE='#'
HAVE_STDIO_DIR_TRUE=''
HAVE_SYSCALL_DIR_FALSE=''
HAVE_SYSCALL_DIR_TRUE='#'
HAVE_UNIX_DIR_FALSE=''
HAVE_UNIX_DIR_TRUE='#'
HAVE_XDR_DIR_FALSE=''
HAVE_XDR_DIR_TRUE='#'
INSTALL_DATA='/usr/bin/install -c -m 644'
INSTALL_PROGRAM='/usr/bin/install -c'
INSTALL_SCRIPT='/usr/bin/install -c'
INSTALL_STRIP_PROGRAM='$(install_sh) -c -s'
LD='i386-elf-stewieos-ld'
LDFLAGS=''
LIBC_EXTRA_DEF=''
LIBC_EXTRA_LIB=''
LIBC_MACHINE_LIB='machine/lib.a'
LIBC_POSIX_DEF=''
LIBC_POSIX_LIB=''
LIBC_SIGNAL_DEF='signal/stmp-def'
LIBC_SIGNAL_LIB='signal/lib.a'
LIBC_STDIO64_DEF=''
LIBC_STDIO64_LIB=''
LIBC_STDIO_DEF='stdio/stmp-def'
LIBC_STDIO_LIB='stdio/lib.a'
LIBC_SYSCALL_LIB=''
LIBC_SYS_LIB='sys/lib.a'
LIBC_UNIX_LIB=''
LIBC_XDR_DEF=''
LIBC_XDR_LIB=''
LIBOBJS=''
LIBS=''
LIBTOOL=''
LIPO='i386-elf-stewieos-lipo'
LN_S=''
LTLIBOBJS=''
MAINT='#'
MAINTAINER_MODE_FALSE=''
MAINTAINER_MODE_TRUE='#'
MAKEINFO='makeinfo --split-size=5000000'
MAY_SUPPLY_SYSCALLS_FALSE='#'
MAY_SUPPLY_SYSCALLS_TRUE=''
MKDIR_P='/usr/bin/mkdir -p'
NEWLIB_CFLAGS=' -DSIGNAL_PROVIDED -DMISSING_SYSCALL_NAMES -fno-builtin'
NEWLIB_NANO_FORMATTED_IO_FALSE=''
NEWLIB_NANO_FORMATTED_IO_TRUE='#'
NEWLIB_NANO_MALLOC_FALSE=''
NEWLIB_NANO_MALLOC_TRUE='#'
NM='i386-elf-stewieos-nm'
NMEDIT=''
NO_INCLUDE_LIST=' rpc/types.h rpc/xdr.h'
OBJDUMP='i386-elf-stewieos-objdump'
OBJEXT='o'
OTOOL64=''
OTOOL=''
PACKAGE='newlib'
PACKAGE_BUGREPORT=''
PACKAGE_NAME='newlib'
PACKAGE_STRING='newlib 2.2.0'
PACKAGE_TARNAME='newlib'
PACKAGE_URL=''
PACKAGE_VERSION='2.2.0'
PATH_SEPARATOR=':'
RANLIB='i386-elf-stewieos-ranlib'
READELF='i386-elf-stewieos-readelf'
SED='/usr/bin/sed'
SET_MAKE=''
SHELL='/bin/sh'
STRIP='i386-elf-stewieos-strip'
USE_LIBTOOL_FALSE=''
USE_LIBTOOL_TRUE='#'
VERSION='2.2.0'
ac_ct_CC=''
ac_ct_DUMPBIN=''
aext='a'
am__EXEEXT_FALSE=''
am__EXEEXT_TRUE='#'
am__fastdepCC_FALSE='#'
am__fastdepCC_TRUE=''
am__include='include'
am__isrc=' -I$(srcdir)'
am__leading_dot='.'
am__nodep='_no'
am__quote=''
am__tar='$${TAR-tar} chof - "$$tardir"'
am__untar='$${TAR-tar} xf -'
bindir='${exec_prefix}/bin'
build='x86_64-unknown-linux-gnu'
build_alias='x86_64-unknown-linux-gnu'
build_cpu='x86_64'
build_os='linux-gnu'
build_vendor='unknown'
datadir='${datarootdir}'
datarootdir='${prefix}/share'
docdir='${datarootdir}/doc/${PACKAGE_TARNAME}'
dvidir='${docdir}'
exec_prefix='${prefix}'
extra_dir=''
host='i386-elf-stewieos'
host_alias='i386-elf-stewieos'
host_cpu='i386'
host_os='stewieos'
host_vendor='elf'
htmldir='${docdir}'
includedir='${prefix}/include'
infodir='${datarootdir}/info'
install_sh='${SHELL} /home/caleb/Development/stewieos/toolchain/newlib/install-sh'
libdir='${exec_prefix}/lib'
libexecdir='${exec_prefix}/libexec'
libm_machine_dir='i386'
localedir='${datarootdir}/locale'
localstatedir='${prefix}/var'
lpfx='lib_a-'
machine_dir='i386'
mandir='${datarootdir}/man'
mkdir_p='/usr/bin/mkdir -p'
newlib_basedir='/home/caleb/Development/stewieos/toolchain/newlib/newlib/libc/..'
oext='o'
oldincludedir='/usr/include'
pdfdir='${docdir}'
prefix='/home/caleb/Development/stewieos/toolchain/root'
program_transform_name='s&^&i386-elf-stewieos-&'
psdir='${docdir}'
sbindir='${exec_prefix}/sbin'
sharedstatedir='${prefix}/com'
subdirs=' machine sys'
sys_dir='stewieos'
sysconfdir='${prefix}/etc'
target_alias='i386-elf-stewieos'

## ----------- ##
## confdefs.h. ##
## ----------- ##

/* confdefs.h */
#define PACKAGE_NAME "newlib"
#define PACKAGE_TARNAME "newlib"
#define PACKAGE_VERSION "2.2.0"
#define PACKAGE_STRING "newlib 2.2.0"
#define PACKAGE_BUGREPORT ""
#define PACKAGE_URL ""

configure: exit 0
