This file contains any messages produced by compilers while
running configure, to aid debugging if configure makes a mistake.

It was created by configure, which was
generated by GNU Autoconf 2.61.  Invocation command line was

  $ /home/caleb/Development/stewieos/toolchain/newlib/libgloss/doc/configure --disable-option-checking --prefix=/home/caleb/Development/stewieos/toolchain/root --with-newlib --enable-multilib --with-cross-host=x86_64-unknown-linux-gnu --program-transform-name=s&^&i386-elf-stewieos-& --with-target-subdir=i386-elf-stewieos --build=x86_64-unknown-linux-gnu --host=i386-elf-stewieos --target=i386-elf-stewieos build_alias=x86_64-unknown-linux-gnu host_alias=i386-elf-stewieos target_alias=i386-elf-stewieos --cache-file=.././config.cache --srcdir=/home/caleb/Development/stewieos/toolchain/newlib/libgloss/doc

## --------- ##
## Platform. ##
## --------- ##

hostname = caleb-arch
uname -m = x86_64
uname -r = 4.6.2-1-ARCH
uname -s = Linux
uname -v = #1 SMP PREEMPT Wed Jun 8 08:40:59 CEST 2016

/usr/bin/uname -p = unknown
/bin/uname -X     = unknown

/bin/arch              = unknown
/usr/bin/arch -k       = unknown
/usr/convex/getsysinfo = unknown
/usr/bin/hostinfo      = unknown
/bin/machine           = unknown
/usr/bin/oslevel       = unknown
/bin/universe          = unknown

PATH: /home/caleb/Development/stewieos/tools
PATH: /opt/autoconf/2.64/bin
PATH: /home/caleb/Development/stewieos/toolchain/root/bin
PATH: /home/caleb/.gem/ruby/2.3.0/bin
PATH: /usr/local/sbin
PATH: /usr/local/bin
PATH: /usr/bin
PATH: /usr/lib/jvm/default/bin
PATH: /usr/bin/site_perl
PATH: /usr/bin/vendor_perl
PATH: /usr/bin/core_perl


## ----------- ##
## Core tests. ##
## ----------- ##

configure:1525: loading cache .././config.cache
configure:1692: checking for a BSD-compatible install
configure:1748: result: /usr/bin/install -c
configure:1892: creating ./config.status

## ---------------------- ##
## Running config.status. ##
## ---------------------- ##

This file was extended by config.status, which was
generated by GNU Autoconf 2.61.  Invocation command line was

  CONFIG_FILES    = 
  CONFIG_HEADERS  = 
  CONFIG_LINKS    = 
  CONFIG_COMMANDS = 
  $ ./config.status 

on caleb-arch

config.status:568: creating Makefile

## ---------------- ##
## Cache variables. ##
## ---------------- ##

ac_cv_build=x86_64-unknown-linux-gnu
ac_cv_c_compiler_gnu=yes
ac_cv_env_CCASFLAGS_set=
ac_cv_env_CCASFLAGS_value=
ac_cv_env_CCAS_set=
ac_cv_env_CCAS_value=
ac_cv_env_build_alias_set=set
ac_cv_env_build_alias_value=x86_64-unknown-linux-gnu
ac_cv_env_host_alias_set=set
ac_cv_env_host_alias_value=i386-elf-stewieos
ac_cv_env_target_alias_set=set
ac_cv_env_target_alias_value=i386-elf-stewieos
ac_cv_host=i386-elf-stewieos
ac_cv_prog_AR=i386-elf-stewieos-ar
ac_cv_prog_AWK=gawk
ac_cv_prog_CC='i386-elf-stewieos-gcc -B/home/caleb/Development/stewieos/toolchain/build/newlib/i386-elf-stewieos/newlib/ -isystem /home/caleb/Development/stewieos/toolchain/build/newlib/i386-elf-stewieos/newlib/targ-include -isystem /home/caleb/Development/stewieos/toolchain/newlib/newlib/libc/include -B/home/caleb/Development/stewieos/toolchain/build/newlib/i386-elf-stewieos/libgloss/i386 -L/home/caleb/Development/stewieos/toolchain/build/newlib/i386-elf-stewieos/libgloss/libnosys -L/home/caleb/Development/stewieos/toolchain/newlib/libgloss/i386   '
ac_cv_prog_RANLIB=i386-elf-stewieos-ranlib
ac_cv_prog_STRIP=i386-elf-stewieos-strip
ac_cv_prog_cc_g=no
ac_cv_prog_make_make_set=yes
ac_cv_target=i386-elf-stewieos
am_cv_CC_dependencies_compiler_type=gcc3

## ----------------- ##
## Output variables. ##
## ----------------- ##

DEFS='-DPACKAGE_NAME=\"\" -DPACKAGE_TARNAME=\"\" -DPACKAGE_VERSION=\"\" -DPACKAGE_STRING=\"\" -DPACKAGE_BUGREPORT=\"\"'
ECHO_C=''
ECHO_N='-n'
ECHO_T=''
INSTALL_DATA='/usr/bin/install -c -m 644'
INSTALL_PROGRAM='/usr/bin/install -c'
INSTALL_SCRIPT='/usr/bin/install -c'
LIBOBJS=''
LIBS=''
LTLIBOBJS=''
PACKAGE_BUGREPORT=''
PACKAGE_NAME=''
PACKAGE_STRING=''
PACKAGE_TARNAME=''
PACKAGE_VERSION=''
PATH_SEPARATOR=':'
SHELL='/bin/sh'
bindir='${exec_prefix}/bin'
build_alias='x86_64-unknown-linux-gnu'
datadir='${datarootdir}'
datarootdir='${prefix}/share'
docdir='${datarootdir}/doc/${PACKAGE}'
dvidir='${docdir}'
exec_prefix='${prefix}'
host_alias='i386-elf-stewieos'
htmldir='${docdir}'
includedir='${prefix}/include'
infodir='${datarootdir}/info'
libdir='${exec_prefix}/lib'
libexecdir='${exec_prefix}/libexec'
localedir='${datarootdir}/locale'
localstatedir='${prefix}/var'
mandir='${datarootdir}/man'
oldincludedir='/usr/include'
pdfdir='${docdir}'
prefix='/home/caleb/Development/stewieos/toolchain/root'
program_transform_name='s&^&i386-elf-stewieos-&'
psdir='${docdir}'
sbindir='${exec_prefix}/sbin'
sharedstatedir='${prefix}/com'
sysconfdir='${prefix}/etc'
target_alias='i386-elf-stewieos'

## ----------- ##
## confdefs.h. ##
## ----------- ##

#define PACKAGE_NAME ""
#define PACKAGE_TARNAME ""
#define PACKAGE_VERSION ""
#define PACKAGE_STRING ""
#define PACKAGE_BUGREPORT ""

configure: exit 0
