This file contains any messages produced by compilers while
running configure, to aid debugging if configure makes a mistake.

It was created by libgloss configure LIBGLOSS_VERSION, which was
generated by GNU Autoconf 2.68.  Invocation command line was

  $ /home/caleb/Development/stewieos/toolchain/newlib/libgloss/configure --cache-file=./config.cache --with-newlib --enable-multilib --with-cross-host=x86_64-unknown-linux-gnu --prefix=/home/caleb/Development/stewieos/toolchain/root --program-transform-name=s&^&i386-elf-stewieos-& --disable-option-checking --with-target-subdir=i386-elf-stewieos --build=x86_64-unknown-linux-gnu --host=i386-elf-stewieos --target=i386-elf-stewieos --srcdir=/home/caleb/Development/stewieos/toolchain/newlib/libgloss

## --------- ##
## Platform. ##
## --------- ##

hostname = caleb-arch
uname -m = x86_64
uname -r = 4.6.2-1-ARCH
uname -s = Linux
uname -v = #1 SMP PREEMPT Wed Jun 8 08:40:59 CEST 2016

/usr/bin/uname -p = unknown
/bin/uname -X     = unknown

/bin/arch              = unknown
/usr/bin/arch -k       = unknown
/usr/convex/getsysinfo = unknown
/usr/bin/hostinfo      = unknown
/bin/machine           = unknown
/usr/bin/oslevel       = unknown
/bin/universe          = unknown

PATH: /home/caleb/Development/stewieos/tools
PATH: /opt/autoconf/2.64/bin
PATH: /home/caleb/Development/stewieos/toolchain/root/bin
PATH: /home/caleb/.gem/ruby/2.3.0/bin
PATH: /usr/local/sbin
PATH: /usr/local/bin
PATH: /usr/bin
PATH: /usr/lib/jvm/default/bin
PATH: /usr/bin/site_perl
PATH: /usr/bin/vendor_perl
PATH: /usr/bin/core_perl


## ----------- ##
## Core tests. ##
## ----------- ##

configure:1734: creating cache ./config.cache
configure:1866: checking for a BSD-compatible install
configure:1934: result: /usr/bin/install -c
configure:1950: checking build system type
configure:1964: result: x86_64-unknown-linux-gnu
configure:1984: checking host system type
configure:1997: result: i386-elf-stewieos
configure:2017: checking target system type
configure:2030: result: i386-elf-stewieos
configure:2058: checking whether build environment is sane
configure:2095: result: yes
configure:2157: checking for gawk
configure:2184: result: gawk
configure:2195: checking whether make sets $(MAKE)
configure:2217: result: yes
configure:2282: checking for i386-elf-stewieos-strip
configure:2309: result: i386-elf-stewieos-strip
configure:2593: checking for style of include used by make
configure:2621: result: GNU
configure:2648: checking for gcc
configure:2675: result: i386-elf-stewieos-gcc -B/home/caleb/Development/stewieos/toolchain/build/newlib/i386-elf-stewieos/newlib/ -isystem /home/caleb/Development/stewieos/toolchain/build/newlib/i386-elf-stewieos/newlib/targ-include -isystem /home/caleb/Development/stewieos/toolchain/newlib/newlib/libc/include -B/home/caleb/Development/stewieos/toolchain/build/newlib/i386-elf-stewieos/libgloss/i386 -L/home/caleb/Development/stewieos/toolchain/build/newlib/i386-elf-stewieos/libgloss/libnosys -L/home/caleb/Development/stewieos/toolchain/newlib/libgloss/i386   
configure:2686: checking dependency style of i386-elf-stewieos-gcc -B/home/caleb/Development/stewieos/toolchain/build/newlib/i386-elf-stewieos/newlib/ -isystem /home/caleb/Development/stewieos/toolchain/build/newlib/i386-elf-stewieos/newlib/targ-include -isystem /home/caleb/Development/stewieos/toolchain/newlib/newlib/libc/include -B/home/caleb/Development/stewieos/toolchain/build/newlib/i386-elf-stewieos/libgloss/i386 -L/home/caleb/Development/stewieos/toolchain/build/newlib/i386-elf-stewieos/libgloss/libnosys -L/home/caleb/Development/stewieos/toolchain/newlib/libgloss/i386   
configure:2776: result: gcc3
configure:2851: checking whether we are using GNU C
configure:2862: i386-elf-stewieos-gcc -B/home/caleb/Development/stewieos/toolchain/build/newlib/i386-elf-stewieos/newlib/ -isystem /home/caleb/Development/stewieos/toolchain/build/newlib/i386-elf-stewieos/newlib/targ-include -isystem /home/caleb/Development/stewieos/toolchain/newlib/newlib/libc/include -B/home/caleb/Development/stewieos/toolchain/build/newlib/i386-elf-stewieos/libgloss/i386 -L/home/caleb/Development/stewieos/toolchain/build/newlib/i386-elf-stewieos/libgloss/libnosys -L/home/caleb/Development/stewieos/toolchain/newlib/libgloss/i386    -E conftest.c
configure:2865: $? = 0
configure:2872: result: yes
configure:2882: checking whether i386-elf-stewieos-gcc -B/home/caleb/Development/stewieos/toolchain/build/newlib/i386-elf-stewieos/newlib/ -isystem /home/caleb/Development/stewieos/toolchain/build/newlib/i386-elf-stewieos/newlib/targ-include -isystem /home/caleb/Development/stewieos/toolchain/newlib/newlib/libc/include -B/home/caleb/Development/stewieos/toolchain/build/newlib/i386-elf-stewieos/libgloss/i386 -L/home/caleb/Development/stewieos/toolchain/build/newlib/i386-elf-stewieos/libgloss/libnosys -L/home/caleb/Development/stewieos/toolchain/newlib/libgloss/i386    accepts -g
configure:2902: i386-elf-stewieos-gcc -B/home/caleb/Development/stewieos/toolchain/build/newlib/i386-elf-stewieos/newlib/ -isystem /home/caleb/Development/stewieos/toolchain/build/newlib/i386-elf-stewieos/newlib/targ-include -isystem /home/caleb/Development/stewieos/toolchain/newlib/newlib/libc/include -B/home/caleb/Development/stewieos/toolchain/build/newlib/i386-elf-stewieos/libgloss/i386 -L/home/caleb/Development/stewieos/toolchain/build/newlib/i386-elf-stewieos/libgloss/libnosys -L/home/caleb/Development/stewieos/toolchain/newlib/libgloss/i386    -c -g  conftest.c >&5
configure:2902: $? = 0
configure: failed program was:
| /* confdefs.h */
| #define PACKAGE_NAME "libgloss"
| #define PACKAGE_TARNAME "libgloss"
| #define PACKAGE_VERSION "LIBGLOSS_VERSION"
| #define PACKAGE_STRING "libgloss LIBGLOSS_VERSION"
| #define PACKAGE_BUGREPORT ""
| #define PACKAGE_URL ""
| /* end confdefs.h.  */
| 
| int
| main ()
| {
| 
|   ;
|   return 0;
| }
configure:2917: i386-elf-stewieos-gcc -B/home/caleb/Development/stewieos/toolchain/build/newlib/i386-elf-stewieos/newlib/ -isystem /home/caleb/Development/stewieos/toolchain/build/newlib/i386-elf-stewieos/newlib/targ-include -isystem /home/caleb/Development/stewieos/toolchain/newlib/newlib/libc/include -B/home/caleb/Development/stewieos/toolchain/build/newlib/i386-elf-stewieos/libgloss/i386 -L/home/caleb/Development/stewieos/toolchain/build/newlib/i386-elf-stewieos/libgloss/libnosys -L/home/caleb/Development/stewieos/toolchain/newlib/libgloss/i386    -c   conftest.c >&5
configure:2917: $? = 0
configure: failed program was:
| /* confdefs.h */
| #define PACKAGE_NAME "libgloss"
| #define PACKAGE_TARNAME "libgloss"
| #define PACKAGE_VERSION "LIBGLOSS_VERSION"
| #define PACKAGE_STRING "libgloss LIBGLOSS_VERSION"
| #define PACKAGE_BUGREPORT ""
| #define PACKAGE_URL ""
| /* end confdefs.h.  */
| 
| int
| main ()
| {
| 
|   ;
|   return 0;
| }
configure:2933: i386-elf-stewieos-gcc -B/home/caleb/Development/stewieos/toolchain/build/newlib/i386-elf-stewieos/newlib/ -isystem /home/caleb/Development/stewieos/toolchain/build/newlib/i386-elf-stewieos/newlib/targ-include -isystem /home/caleb/Development/stewieos/toolchain/newlib/newlib/libc/include -B/home/caleb/Development/stewieos/toolchain/build/newlib/i386-elf-stewieos/libgloss/i386 -L/home/caleb/Development/stewieos/toolchain/build/newlib/i386-elf-stewieos/libgloss/libnosys -L/home/caleb/Development/stewieos/toolchain/newlib/libgloss/i386    -c -g  conftest.c >&5
configure:2933: $? = 0
configure: failed program was:
| /* confdefs.h */
| #define PACKAGE_NAME "libgloss"
| #define PACKAGE_TARNAME "libgloss"
| #define PACKAGE_VERSION "LIBGLOSS_VERSION"
| #define PACKAGE_STRING "libgloss LIBGLOSS_VERSION"
| #define PACKAGE_BUGREPORT ""
| #define PACKAGE_URL ""
| /* end confdefs.h.  */
| 
| int
| main ()
| {
| 
|   ;
|   return 0;
| }
configure:2943: result: no
configure:2976: checking for ar
configure:3004: result: i386-elf-stewieos-ar
configure:3019: checking for i386-elf-stewieos-ranlib
configure:3046: result: i386-elf-stewieos-ranlib
configure:3196: updating cache ./config.cache
configure:3289: creating ./config.status

## ---------------------- ##
## Running config.status. ##
## ---------------------- ##

This file was extended by libgloss config.status LIBGLOSS_VERSION, which was
generated by GNU Autoconf 2.68.  Invocation command line was

  CONFIG_FILES    = 
  CONFIG_HEADERS  = 
  CONFIG_LINKS    = 
  CONFIG_COMMANDS = 
  $ ./config.status 

on caleb-arch

config.status:829: creating Makefile
config.status:985: executing depfiles commands
configure:4531: === configuring in doc (/home/caleb/Development/stewieos/toolchain/build/newlib/i386-elf-stewieos/libgloss/doc)
configure:4594: running /bin/sh /home/caleb/Development/stewieos/toolchain/newlib/libgloss/doc/configure --disable-option-checking '--prefix=/home/caleb/Development/stewieos/toolchain/root'  '--with-newlib' '--enable-multilib' '--with-cross-host=x86_64-unknown-linux-gnu' '--program-transform-name=s&^&i386-elf-stewieos-&' '--with-target-subdir=i386-elf-stewieos' '--build=x86_64-unknown-linux-gnu' '--host=i386-elf-stewieos' '--target=i386-elf-stewieos' 'build_alias=x86_64-unknown-linux-gnu' 'host_alias=i386-elf-stewieos' 'target_alias=i386-elf-stewieos' --cache-file=.././config.cache --srcdir=/home/caleb/Development/stewieos/toolchain/newlib/libgloss/doc
configure:4531: === configuring in libnosys (/home/caleb/Development/stewieos/toolchain/build/newlib/i386-elf-stewieos/libgloss/libnosys)
configure:4594: running /bin/sh /home/caleb/Development/stewieos/toolchain/newlib/libgloss/libnosys/configure --disable-option-checking '--prefix=/home/caleb/Development/stewieos/toolchain/root'  '--with-newlib' '--enable-multilib' '--with-cross-host=x86_64-unknown-linux-gnu' '--program-transform-name=s&^&i386-elf-stewieos-&' '--with-target-subdir=i386-elf-stewieos' '--build=x86_64-unknown-linux-gnu' '--host=i386-elf-stewieos' '--target=i386-elf-stewieos' 'build_alias=x86_64-unknown-linux-gnu' 'host_alias=i386-elf-stewieos' 'target_alias=i386-elf-stewieos' --cache-file=.././config.cache --srcdir=/home/caleb/Development/stewieos/toolchain/newlib/libgloss/libnosys

## ---------------- ##
## Cache variables. ##
## ---------------- ##

ac_cv_build=x86_64-unknown-linux-gnu
ac_cv_c_compiler_gnu=yes
ac_cv_env_CCASFLAGS_set=
ac_cv_env_CCASFLAGS_value=
ac_cv_env_CCAS_set=
ac_cv_env_CCAS_value=
ac_cv_env_build_alias_set=set
ac_cv_env_build_alias_value=x86_64-unknown-linux-gnu
ac_cv_env_host_alias_set=set
ac_cv_env_host_alias_value=i386-elf-stewieos
ac_cv_env_target_alias_set=set
ac_cv_env_target_alias_value=i386-elf-stewieos
ac_cv_host=i386-elf-stewieos
ac_cv_prog_AR=i386-elf-stewieos-ar
ac_cv_prog_AWK=gawk
ac_cv_prog_CC='i386-elf-stewieos-gcc -B/home/caleb/Development/stewieos/toolchain/build/newlib/i386-elf-stewieos/newlib/ -isystem /home/caleb/Development/stewieos/toolchain/build/newlib/i386-elf-stewieos/newlib/targ-include -isystem /home/caleb/Development/stewieos/toolchain/newlib/newlib/libc/include -B/home/caleb/Development/stewieos/toolchain/build/newlib/i386-elf-stewieos/libgloss/i386 -L/home/caleb/Development/stewieos/toolchain/build/newlib/i386-elf-stewieos/libgloss/libnosys -L/home/caleb/Development/stewieos/toolchain/newlib/libgloss/i386   '
ac_cv_prog_RANLIB=i386-elf-stewieos-ranlib
ac_cv_prog_STRIP=i386-elf-stewieos-strip
ac_cv_prog_cc_g=no
ac_cv_prog_make_make_set=yes
ac_cv_target=i386-elf-stewieos
am_cv_CC_dependencies_compiler_type=gcc3

## ----------------- ##
## Output variables. ##
## ----------------- ##

ACLOCAL='aclocal-1.11'
AMDEPBACKSLASH='\'
AMDEP_FALSE='#'
AMDEP_TRUE=''
AMTAR='${SHELL} /home/caleb/Development/stewieos/toolchain/newlib/missing --run tar'
AR='i386-elf-stewieos-ar'
AS='i386-elf-stewieos-as'
AUTOCONF='${SHELL} /home/caleb/Development/stewieos/toolchain/newlib/missing --run autoconf'
AUTOHEADER='${SHELL} /home/caleb/Development/stewieos/toolchain/newlib/missing --run autoheader'
AUTOMAKE='automake-1.11'
AWK='gawk'
CC='i386-elf-stewieos-gcc -B/home/caleb/Development/stewieos/toolchain/build/newlib/i386-elf-stewieos/newlib/ -isystem /home/caleb/Development/stewieos/toolchain/build/newlib/i386-elf-stewieos/newlib/targ-include -isystem /home/caleb/Development/stewieos/toolchain/newlib/newlib/libc/include -B/home/caleb/Development/stewieos/toolchain/build/newlib/i386-elf-stewieos/libgloss/i386 -L/home/caleb/Development/stewieos/toolchain/build/newlib/i386-elf-stewieos/libgloss/libnosys -L/home/caleb/Development/stewieos/toolchain/newlib/libgloss/i386   '
CCAS='i386-elf-stewieos-gcc -B/home/caleb/Development/stewieos/toolchain/build/newlib/i386-elf-stewieos/newlib/ -isystem /home/caleb/Development/stewieos/toolchain/build/newlib/i386-elf-stewieos/newlib/targ-include -isystem /home/caleb/Development/stewieos/toolchain/newlib/newlib/libc/include -B/home/caleb/Development/stewieos/toolchain/build/newlib/i386-elf-stewieos/libgloss/i386 -L/home/caleb/Development/stewieos/toolchain/build/newlib/i386-elf-stewieos/libgloss/libnosys -L/home/caleb/Development/stewieos/toolchain/newlib/libgloss/i386   '
CCASFLAGS=''
CCDEPMODE='depmode=gcc3'
CYGPATH_W='echo'
DEFS='-DPACKAGE_NAME=\"libgloss\" -DPACKAGE_TARNAME=\"libgloss\" -DPACKAGE_VERSION=\"LIBGLOSS_VERSION\" -DPACKAGE_STRING=\"libgloss\ LIBGLOSS_VERSION\" -DPACKAGE_BUGREPORT=\"\" -DPACKAGE_URL=\"\"'
DEPDIR='.deps'
ECHO_C=''
ECHO_N='-n'
ECHO_T=''
INSTALL_DATA='/usr/bin/install -c -m 644'
INSTALL_PROGRAM='/usr/bin/install -c'
INSTALL_SCRIPT='/usr/bin/install -c'
INSTALL_STRIP_PROGRAM='${SHELL} $(install_sh) -c -s'
LD='i386-elf-stewieos-ld'
LIBOBJS=''
LIBS=''
LTLIBOBJS=''
MAKEINFO='makeinfo --split-size=5000000'
PACKAGE='libgloss'
PACKAGE_BUGREPORT=''
PACKAGE_NAME='libgloss'
PACKAGE_STRING='libgloss LIBGLOSS_VERSION'
PACKAGE_TARNAME='libgloss'
PACKAGE_URL=''
PACKAGE_VERSION='LIBGLOSS_VERSION'
PATH_SEPARATOR=':'
RANLIB='i386-elf-stewieos-ranlib'
SET_MAKE=''
SHELL='/bin/sh'
STRIP='i386-elf-stewieos-strip'
VERSION='LIBGLOSS_VERSION'
am__fastdepCC_FALSE='#'
am__fastdepCC_TRUE=''
am__include='include'
am__leading_dot='.'
am__quote=''
am__tar='${AMTAR} chof - "$$tardir"'
am__untar='${AMTAR} xf -'
bindir='${exec_prefix}/bin'
build='x86_64-unknown-linux-gnu'
build_alias='x86_64-unknown-linux-gnu'
build_cpu='x86_64'
build_os='linux-gnu'
build_vendor='unknown'
datadir='${datarootdir}'
datarootdir='${prefix}/share'
docdir='${datarootdir}/doc/${PACKAGE_TARNAME}'
dvidir='${docdir}'
exec_prefix='${prefix}'
host='i386-elf-stewieos'
host_alias='i386-elf-stewieos'
host_cpu='i386'
host_makefile_frag_path='/home/caleb/Development/stewieos/toolchain/newlib/libgloss/config/default.mh'
host_os='stewieos'
host_vendor='elf'
htmldir='${docdir}'
includedir='${prefix}/include'
infodir='${datarootdir}/info'
install_sh='/home/caleb/Development/stewieos/toolchain/newlib/install-sh'
libdir='${exec_prefix}/lib'
libexecdir='${exec_prefix}/libexec'
localedir='${datarootdir}/locale'
localstatedir='${prefix}/var'
mandir='${datarootdir}/man'
mkdir_p='mkdir -p --'
oldincludedir='/usr/include'
pdfdir='${docdir}'
prefix='/home/caleb/Development/stewieos/toolchain/root'
program_transform_name='s&^&i386-elf-stewieos-&'
psdir='${docdir}'
sbindir='${exec_prefix}/sbin'
sharedstatedir='${prefix}/com'
subdirs=' doc libnosys'
sysconfdir='${prefix}/etc'
target='i386-elf-stewieos'
target_alias='i386-elf-stewieos'
target_cpu='i386'
target_os='stewieos'
target_vendor='elf'

## ------------------- ##
## File substitutions. ##
## ------------------- ##

host_makefile_frag='/home/caleb/Development/stewieos/toolchain/newlib/libgloss/config/default.mh'

## ----------- ##
## confdefs.h. ##
## ----------- ##

/* confdefs.h */
#define PACKAGE_NAME "libgloss"
#define PACKAGE_TARNAME "libgloss"
#define PACKAGE_VERSION "LIBGLOSS_VERSION"
#define PACKAGE_STRING "libgloss LIBGLOSS_VERSION"
#define PACKAGE_BUGREPORT ""
#define PACKAGE_URL ""

configure: exit 0
