This is pdfTeX, Version 3.14159265-2.6-1.40.15 (TeX Live 2015/dev/Debian) (preloaded format=pdflatex 2015.9.7)  29 SEP 2015 13:07
entering extended mode
 restricted \write18 enabled.
 %&-line parsing enabled.
**/home/caleb/Development/StewieOS/kernel/src/task.c
(/home/caleb/Development/StewieOS/kernel/src/task.c
LaTeX2e <2014/05/01>
Babel <3.9l> and hyphenation patterns for 2 languages loaded.
! You can't use `macro parameter character #' in vertical mode.
l.1 #
     include "task.h"
? 
! Emergency stop.
l.1 #
     include "task.h"
End of file on the terminal!

 
Here is how much of TeX's memory you used:
 7 strings out of 495020
 257 string characters out of 6181325
 45973 words of memory out of 5000000
 3320 multiletter control sequences out of 15000+600000
 3640 words of font info for 14 fonts, out of 8000000 for 9000
 14 hyphenation exceptions out of 8191
 5i,0n,1p,70b,8s stack positions out of 5000i,500n,10000p,200000b,80000s
!  ==> Fatal error occurred, no output PDF file produced!
